Watching for file changes with StatReloader
C:\Users\Petr\PycharmProjects\django\myproject\firstapp\views.py changed, reloading.
Watching for file changes with StatReloader
ты на главной странице! 
"GET / HTTP/1.1" 200 553
Not Found: /favicon.ico
"GET /favicon.ico HTTP/1.1" 404 2953
ты читаешь текст про меня
"GET /about_me/ HTTP/1.1" 200 1000
ты на главной странице! 
"GET / HTTP/1.1" 200 553
Ответ game_1   равен : Орёл
"GET /game_1/ HTTP/1.1" 200 8
Ответ game_1   равен : Решка
"GET /game_1/ HTTP/1.1" 200 10
Ответ game_1   равен : Орёл
"GET /game_1/ HTTP/1.1" 200 8
Ответ game_1   равен : Орёл
"GET /game_1/ HTTP/1.1" 200 8
Ответ game_1   равен : Орёл
"GET /game_1/ HTTP/1.1" 200 8
Ответ game_1   равен : Орёл
"GET /game_1/ HTTP/1.1" 200 8
Ответ game_1   равен : Орёл
"GET /game_1/ HTTP/1.1" 200 8
Ответ game_1   равен : Решка
"GET /game_1/ HTTP/1.1" 200 10
C:\Users\Petr\PycharmProjects\django\myproject\firstapp\models.py changed, reloading.
Watching for file changes with StatReloader
C:\Users\Petr\PycharmProjects\django\myproject\firstapp\models.py changed, reloading.
Watching for file changes with StatReloader
C:\Users\Petr\PycharmProjects\django\myproject\firstapp\models.py changed, reloading.
Watching for file changes with StatReloader
Ответ game_1   равен : Решка
"GET /game_1/ HTTP/1.1" 200 10
C:\Users\Petr\PycharmProjects\django\myproject\firstapp\models.py changed, reloading.
Watching for file changes with StatReloader
C:\Users\Petr\PycharmProjects\django\myproject\firstapp\models.py changed, reloading.
Watching for file changes with StatReloader
C:\Users\Petr\PycharmProjects\django\myproject\firstapp\models.py changed, reloading.
Watching for file changes with StatReloader
Ответ game_1   равен : Решка
"GET /game_1/ HTTP/1.1" 200 10
Ответ game_1   равен : Орёл
"GET /game_1/ HTTP/1.1" 200 8
Ответ game_1   равен : Орёл
"GET /game_1/ HTTP/1.1" 200 8
Ответ game_1   равен : Орёл
"GET /game_1/ HTTP/1.1" 200 8
C:\Users\Petr\PycharmProjects\django\myproject\firstapp\models.py changed, reloading.
Watching for file changes with StatReloader
Ответ game_1   равен : Решка
"GET /game_1/ HTTP/1.1" 200 10
C:\Users\Petr\PycharmProjects\django\myproject\firstapp\views.py changed, reloading.
Watching for file changes with StatReloader
C:\Users\Petr\PycharmProjects\django\myproject\firstapp\views.py changed, reloading.
Watching for file changes with StatReloader
C:\Users\Petr\PycharmProjects\django\myproject\firstapp\urls.py changed, reloading.
Watching for file changes with StatReloader
"GET /static_game/ HTTP/1.1" 200 4
C:\Users\Petr\PycharmProjects\django\myproject\firstapp\models.py changed, reloading.
Watching for file changes with StatReloader
C:\Users\Petr\PycharmProjects\django\myproject\firstapp\models.py changed, reloading.
Watching for file changes with StatReloader
C:\Users\Petr\PycharmProjects\django\myproject\firstapp\models.py changed, reloading.
Watching for file changes with StatReloader
"GET /static_game/ HTTP/1.1" 200 4
"GET /static_game/ HTTP/1.1" 200 4
"GET /static_game/ HTTP/1.1" 200 4
C:\Users\Petr\PycharmProjects\django\myproject\firstapp\models.py changed, reloading.
Watching for file changes with StatReloader
"GET /static_game/ HTTP/1.1" 200 4
C:\Users\Petr\PycharmProjects\django\myproject\firstapp\models.py changed, reloading.
Watching for file changes with StatReloader
C:\Users\Petr\PycharmProjects\django\myproject\firstapp\models.py changed, reloading.
Watching for file changes with StatReloader
"GET /static_game/ HTTP/1.1" 200 4
"GET /static_game/ HTTP/1.1" 200 4
"GET /static_game/ HTTP/1.1" 200 4
C:\Users\Petr\PycharmProjects\django\myproject\firstapp\models.py changed, reloading.
Watching for file changes with StatReloader
C:\Users\Petr\PycharmProjects\django\myproject\firstapp\models.py changed, reloading.
Watching for file changes with StatReloader
C:\Users\Petr\PycharmProjects\django\myproject\firstapp\models.py changed, reloading.
Watching for file changes with StatReloader
C:\Users\Petr\PycharmProjects\django\myproject\firstapp\models.py changed, reloading.
Watching for file changes with StatReloader
C:\Users\Petr\PycharmProjects\django\myproject\firstapp\models.py changed, reloading.
Watching for file changes with StatReloader
C:\Users\Petr\PycharmProjects\django\myproject\firstapp\models.py changed, reloading.
Watching for file changes with StatReloader
Internal Server Error: /static_game/
Traceback (most recent call last):
  File "C:\Users\Petr\PycharmProjects\django\venv\Lib\site-packages\django\core\handlers\exception.py", line 55, in inner
    response = get_response(request)
               ^^^^^^^^^^^^^^^^^^^^^
  File "C:\Users\Petr\PycharmProjects\django\venv\Lib\site-packages\django\core\handlers\base.py", line 197, in _get_response
    response = wrapped_callback(request, *callback_args, **callback_kwargs)
               ^^^^^^^^^^^^^^^^^^^^^^^^^^^^^^^^^^^^^^^^^^^^^^^^^^^^^^^^^^^^
  File "C:\Users\Petr\PycharmProjects\django\myproject\firstapp\views.py", line 23, in static_game
    count = Coin.count_trow()
            ^^^^^^^^^^^^^^^^^
  File "C:\Users\Petr\PycharmProjects\django\myproject\firstapp\models.py", line 20, in count_trow
    if item.site == 'орел':
       ^^^^^^^^^
AttributeError: 'Coin' object has no attribute 'site'
"GET /static_game/ HTTP/1.1" 500 68795
C:\Users\Petr\PycharmProjects\django\myproject\firstapp\models.py changed, reloading.
Watching for file changes with StatReloader
"GET /static_game/ HTTP/1.1" 200 18
"GET /static_game/ HTTP/1.1" 200 18
C:\Users\Petr\PycharmProjects\django\myproject\firstapp\views.py changed, reloading.
Watching for file changes with StatReloader
"GET /static_game/ HTTP/1.1" 200 18
"GET /static_game/ HTTP/1.1" 200 18
C:\Users\Petr\PycharmProjects\django\myproject\firstapp\models.py changed, reloading.
Watching for file changes with StatReloader
"GET /static_game/ HTTP/1.1" 200 18
C:\Users\Petr\PycharmProjects\django\myproject\firstapp\models.py changed, reloading.
Watching for file changes with StatReloader
Internal Server Error: /static_game/
Traceback (most recent call last):
  File "C:\Users\Petr\PycharmProjects\django\venv\Lib\site-packages\django\core\handlers\exception.py", line 55, in inner
    response = get_response(request)
               ^^^^^^^^^^^^^^^^^^^^^
  File "C:\Users\Petr\PycharmProjects\django\venv\Lib\site-packages\django\core\handlers\base.py", line 197, in _get_response
    response = wrapped_callback(request, *callback_args, **callback_kwargs)
               ^^^^^^^^^^^^^^^^^^^^^^^^^^^^^^^^^^^^^^^^^^^^^^^^^^^^^^^^^^^^
  File "C:\Users\Petr\PycharmProjects\django\myproject\firstapp\views.py", line 23, in static_game
    count = Coin.count_trow()
            ^^^^^^^^^^^^^^^^^
  File "C:\Users\Petr\PycharmProjects\django\myproject\firstapp\models.py", line 23, in count_trow
    dict_coin['решка'] +=1
    ~~~~~~~~~^^^^^^^^^
KeyError: 'решка'
"GET /static_game/ HTTP/1.1" 500 68634
Internal Server Error: /static_game/
Traceback (most recent call last):
  File "C:\Users\Petr\PycharmProjects\django\venv\Lib\site-packages\django\core\handlers\exception.py", line 55, in inner
    response = get_response(request)
               ^^^^^^^^^^^^^^^^^^^^^
  File "C:\Users\Petr\PycharmProjects\django\venv\Lib\site-packages\django\core\handlers\base.py", line 197, in _get_response
    response = wrapped_callback(request, *callback_args, **callback_kwargs)
               ^^^^^^^^^^^^^^^^^^^^^^^^^^^^^^^^^^^^^^^^^^^^^^^^^^^^^^^^^^^^
  File "C:\Users\Petr\PycharmProjects\django\myproject\firstapp\views.py", line 23, in static_game
    count = Coin.count_trow()
            ^^^^^^^^^^^^^^^^^
  File "C:\Users\Petr\PycharmProjects\django\myproject\firstapp\models.py", line 23, in count_trow
    dict_coin['Решка'] +=1
    ~~~~~~~~~^^^^^^^^^
KeyError: 'решка'
"GET /static_game/ HTTP/1.1" 500 68634
C:\Users\Petr\PycharmProjects\django\myproject\firstapp\views.py changed, reloading.
Watching for file changes with StatReloader
"GET /static_game/ HTTP/1.1" 200 18
"GET /static_game/ HTTP/1.1" 200 18
C:\Users\Petr\PycharmProjects\django\myproject\firstapp\views.py changed, reloading.
Watching for file changes with StatReloader
"GET /static_game/ HTTP/1.1" 200 18
C:\Users\Petr\PycharmProjects\django\myproject\firstapp\views.py changed, reloading.
Watching for file changes with StatReloader
C:\Users\Petr\PycharmProjects\django\myproject\firstapp\views.py changed, reloading.
Watching for file changes with StatReloader
C:\Users\Petr\PycharmProjects\django\myproject\firstapp\views.py changed, reloading.
Watching for file changes with StatReloader
C:\Users\Petr\PycharmProjects\django\myproject\firstapp\views.py changed, reloading.
Watching for file changes with StatReloader
"GET /static_game/ HTTP/1.1" 200 28
"GET /static_game/ HTTP/1.1" 200 28
C:\Users\Petr\PycharmProjects\django\myproject\firstapp\views.py changed, reloading.
Watching for file changes with StatReloader
C:\Users\Petr\PycharmProjects\django\myproject\firstapp\models.py changed, reloading.
Watching for file changes with StatReloader
C:\Users\Petr\PycharmProjects\django\myproject\firstapp\models.py changed, reloading.
Watching for file changes with StatReloader
C:\Users\Petr\PycharmProjects\django\myproject\firstapp\models.py changed, reloading.
Watching for file changes with StatReloader
C:\Users\Petr\PycharmProjects\django\myproject\firstapp\models.py changed, reloading.
Watching for file changes with StatReloader
C:\Users\Petr\PycharmProjects\django\myproject\firstapp\views.py changed, reloading.
Watching for file changes with StatReloader
C:\Users\Petr\PycharmProjects\django\myproject\firstapp\views.py changed, reloading.
Watching for file changes with StatReloader
C:\Users\Petr\PycharmProjects\django\myproject\firstapp\views.py changed, reloading.
Watching for file changes with StatReloader
C:\Users\Petr\PycharmProjects\django\myproject\firstapp\urls.py changed, reloading.
Watching for file changes with StatReloader
C:\Users\Petr\PycharmProjects\django\myproject\firstapp\urls.py changed, reloading.
Watching for file changes with StatReloader
Internal Server Error: /full_name/
Traceback (most recent call last):
  File "C:\Users\Petr\PycharmProjects\django\venv\Lib\site-packages\django\core\handlers\exception.py", line 55, in inner
    response = get_response(request)
               ^^^^^^^^^^^^^^^^^^^^^
  File "C:\Users\Petr\PycharmProjects\django\venv\Lib\site-packages\django\core\handlers\base.py", line 197, in _get_response
    response = wrapped_callback(request, *callback_args, **callback_kwargs)
               ^^^^^^^^^^^^^^^^^^^^^^^^^^^^^^^^^^^^^^^^^^^^^^^^^^^^^^^^^^^^
  File "C:\Users\Petr\PycharmProjects\django\myproject\firstapp\views.py", line 42, in full_name
    full_name = Autor.full_name()
                ^^^^^^^^^^^^^^^^^
TypeError: Autor.full_name() missing 3 required positional arguments: 'self', 'name', and 'surname'
"GET /full_name/ HTTP/1.1" 500 64186
Watching for file changes with StatReloader
Internal Server Error: /full_name/
Traceback (most recent call last):
  File "C:\Users\Petr\PycharmProjects\django\venv\Lib\site-packages\django\core\handlers\exception.py", line 55, in inner
    response = get_response(request)
               ^^^^^^^^^^^^^^^^^^^^^
  File "C:\Users\Petr\PycharmProjects\django\venv\Lib\site-packages\django\core\handlers\base.py", line 197, in _get_response
    response = wrapped_callback(request, *callback_args, **callback_kwargs)
               ^^^^^^^^^^^^^^^^^^^^^^^^^^^^^^^^^^^^^^^^^^^^^^^^^^^^^^^^^^^^
  File "C:\Users\Petr\PycharmProjects\django\myproject\firstapp\views.py", line 45, in full_name
    result += f'{item.full_name()}\n'
                 ^^^^^^^^^^^^^^^^
TypeError: Autor.full_name() missing 2 required positional arguments: 'name' and 'surname'
"GET /full_name/ HTTP/1.1" 500 65167
Internal Server Error: /full_name/
Traceback (most recent call last):
  File "C:\Users\Petr\PycharmProjects\django\venv\Lib\site-packages\django\core\handlers\exception.py", line 55, in inner
    response = get_response(request)
               ^^^^^^^^^^^^^^^^^^^^^
  File "C:\Users\Petr\PycharmProjects\django\venv\Lib\site-packages\django\core\handlers\base.py", line 197, in _get_response
    response = wrapped_callback(request, *callback_args, **callback_kwargs)
               ^^^^^^^^^^^^^^^^^^^^^^^^^^^^^^^^^^^^^^^^^^^^^^^^^^^^^^^^^^^^
  File "C:\Users\Petr\PycharmProjects\django\myproject\firstapp\views.py", line 45, in full_name
    result += f'{item.full_name()}\n'
                 ^^^^^^^^^^^^^^^^
TypeError: Autor.full_name() missing 2 required positional arguments: 'name' and 'surname'
"GET /full_name/ HTTP/1.1" 500 65167
C:\Users\Petr\PycharmProjects\django\myproject\firstapp\views.py changed, reloading.
Watching for file changes with StatReloader
ты на главной странице! 
"GET / HTTP/1.1" 200 553
Internal Server Error: /full_name/
Traceback (most recent call last):
  File "C:\Users\Petr\PycharmProjects\django\venv\Lib\site-packages\django\core\handlers\exception.py", line 55, in inner
    response = get_response(request)
               ^^^^^^^^^^^^^^^^^^^^^
  File "C:\Users\Petr\PycharmProjects\django\venv\Lib\site-packages\django\core\handlers\base.py", line 197, in _get_response
    response = wrapped_callback(request, *callback_args, **callback_kwargs)
               ^^^^^^^^^^^^^^^^^^^^^^^^^^^^^^^^^^^^^^^^^^^^^^^^^^^^^^^^^^^^
  File "C:\Users\Petr\PycharmProjects\django\myproject\firstapp\views.py", line 45, in full_name
    result += f'{item.full_name()}\n'
                 ^^^^^^^^^^^^^^^^
TypeError: Autor.full_name() missing 2 required positional arguments: 'name' and 'surname'
"GET /full_name/ HTTP/1.1" 500 65146
C:\Users\Petr\PycharmProjects\django\myproject\firstapp\models.py changed, reloading.
Watching for file changes with StatReloader
"GET /full_name/ HTTP/1.1" 200 172
C:\Users\Petr\PycharmProjects\django\myproject\firstapp\views.py changed, reloading.
Watching for file changes with StatReloader
"GET /full_name/ HTTP/1.1" 200 182
C:\Users\Petr\PycharmProjects\django\myproject\firstapp\views.py changed, reloading.
Watching for file changes with StatReloader
C:\Users\Petr\PycharmProjects\django\myproject\firstapp\views.py changed, reloading.
Watching for file changes with StatReloader
"GET /full_name/ HTTP/1.1" 200 202
C:\Users\Petr\PycharmProjects\django\myproject\firstapp\models.py changed, reloading.
Watching for file changes with StatReloader
C:\Users\Petr\PycharmProjects\django\myproject\firstapp\models.py changed, reloading.
Watching for file changes with StatReloader
C:\Users\Petr\PycharmProjects\django\myproject\firstapp\models.py changed, reloading.
Watching for file changes with StatReloader
C:\Users\Petr\PycharmProjects\django\myproject\firstapp\models.py changed, reloading.
Watching for file changes with StatReloader
C:\Users\Petr\PycharmProjects\django\myproject\firstapp\models.py changed, reloading.
Watching for file changes with StatReloader
C:\Users\Petr\PycharmProjects\django\myproject\firstapp\models.py changed, reloading.
Watching for file changes with StatReloader
C:\Users\Petr\PycharmProjects\django\myproject\firstapp\models.py changed, reloading.
Watching for file changes with StatReloader
C:\Users\Petr\PycharmProjects\django\myproject\firstapp\models.py changed, reloading.
Watching for file changes with StatReloader
